[14Jun2026 17:56:07.421] [main/INFO] [cpw.mods.modlauncher.Launcher/MODLAUNCHER]: ModLauncher running: args [--launchTarget, forgeclientdev, --version, 21.1.233, --assetIndex, 17, --assetsDir, C:\\Users\\justi\\.gradle\\caches\\neoformruntime\\assets, --gameDir, ., --fml.fmlVersion, 4.0.42, --fml.mcVersion, 1.21.1, --fml.neoForgeVersion, 21.1.233, --fml.neoFormVersion, 20240808.144430]
[14Jun2026 17:56:07.424] [main/INFO] [cpw.mods.modlauncher.Launcher/MODLAUNCHER]: JVM identified as Oracle Corporation Java HotSpot(TM) 64-Bit Server VM 21.0.5+9-LTS-jvmci-23.1-b48
[14Jun2026 17:56:07.426] [main/INFO] [cpw.mods.modlauncher.Launcher/MODLAUNCHER]: ModLauncher 11.0.5+main.901c6ea8 starting: java version 21.0.5 by Oracle Corporation; OS Windows 11 arch amd64 version 10.0
[14Jun2026 17:56:07.536] [main/INFO] [net.neoforged.fml.loading.ImmediateWindowHandler/]: Loading ImmediateWindowProvider fmlearlywindow
[14Jun2026 17:56:07.640] [main/INFO] [EARLYDISPLAY/]: Trying GL version 4.6
[14Jun2026 17:56:07.745] [main/INFO] [EARLYDISPLAY/]: Requested GL version 4.6 got version 4.6
[14Jun2026 17:56:07.859] [main/INFO] [mixin/]: SpongePowered MIXIN Subsystem Version=0.8.7 Source=union:/C:/Users/justi/.gradle/caches/modules-2/files-2.1/net.fabricmc/sponge-mixin/0.15.2+mixin.0.8.7/2af2f021d8e02a0220dc27a7a72b4666d66d44ca/sponge-mixin-0.15.2+mixin.0.8.7.jar%23138!/ Service=ModLauncher Env=CLIENT
[14Jun2026 17:56:08.065] [pool-2-thread-1/INFO] [EARLYDISPLAY/]: GL info: AMD Radeon(TM) Graphics GL version 4.6.0 Core Profile Context 25.8.1.250617, ATI Technologies Inc.
[14Jun2026 17:56:08.253] [main/INFO] [net.neoforged.fml.loading.moddiscovery.locators.JarInJarDependencyLocator/]: Found 2 dependencies adding them to mods collection
[14Jun2026 17:56:08.254] [main/INFO] [net.neoforged.fml.loading.moddiscovery.ModDiscoverer/]: 
     Mod List:
		Name Version (Mod Id)

		Create 6.0.10 (create)
		Create: Campanology 0.0.1 - 1.21.1 (create_campanology)
		Flywheel 1.0.6 (flywheel)
		GeckoLib 4 4.8.4 (geckolib)
		Minecraft 1.21.1 (minecraft)
		NeoForge 21.1.233 (neoforge)
		Ponder 1.0.82+mc1.21.1 (ponder)
[14Jun2026 17:56:09.052] [main/INFO] [mixin/]: Compatibility level set to JAVA_21
[14Jun2026 17:56:09.070] [main/INFO] [cpw.mods.modlauncher.LaunchServiceHandler/MODLAUNCHER]: Launching target 'forgeclientdev' with arguments [--version, 21.1.233, --gameDir, ., --assetsDir, C:\Users\justi\.gradle\caches\neoformruntime\assets, --assetIndex, 17]
[14Jun2026 17:56:09.130] [main/WARN] [mixin/]: Reference map 'geckolib.refmap.json' for geckolib.mixins.json could not be read. If this is a development environment you can ignore this message
[14Jun2026 17:56:09.131] [main/WARN] [mixin/]: Reference map 'ponder.refmap.json' for ponder-common.mixins.json could not be read. If this is a development environment you can ignore this message
[14Jun2026 17:56:09.509] [main/WARN] [mixin/]: Error loading class: org/jetbrains/annotations/ApiStatus$ScheduledForRemoval (java.lang.ClassNotFoundException: org.jetbrains.annotations.ApiStatus$ScheduledForRemoval)
[14Jun2026 17:56:09.535] [main/INFO] [MixinExtras|Service/]: Initializing MixinExtras via com.llamalad7.mixinextras.service.MixinExtrasServiceImpl(version=0.5.3).
[14Jun2026 17:56:10.793] [Datafixer Bootstrap/INFO] [com.mojang.datafixers.DataFixerBuilder/]: 229 Datafixer optimizations took 328 milliseconds
[14Jun2026 17:56:14.861] [main/WARN] [net.minecraft.commands.Commands/]: Ambiguity between arguments [teleport, location] and [teleport, destination] with inputs: [0.1 -0.5 .9, 0 0 0]
[14Jun2026 17:56:14.863] [main/WARN] [net.minecraft.commands.Commands/]: Ambiguity between arguments [teleport, location] and [teleport, targets] with inputs: [0.1 -0.5 .9, 0 0 0]
[14Jun2026 17:56:14.866] [main/WARN] [net.minecraft.commands.Commands/]: Ambiguity between arguments [teleport, destination] and [teleport, targets] with inputs: [Player, 0123, @e, dd12be42-52a9-4a91-a8a1-11c01849e498]
[14Jun2026 17:56:14.867] [main/WARN] [net.minecraft.commands.Commands/]: Ambiguity between arguments [teleport, targets] and [teleport, destination] with inputs: [Player, 0123, dd12be42-52a9-4a91-a8a1-11c01849e498]
[14Jun2026 17:56:14.868] [main/WARN] [net.minecraft.commands.Commands/]: Ambiguity between arguments [teleport, targets, location] and [teleport, targets, destination] with inputs: [0.1 -0.5 .9, 0 0 0]
[14Jun2026 17:56:14.977] [Render thread/WARN] [net.minecraft.server.packs.VanillaPackResourcesBuilder/]: Assets URL 'union:/C:/Users/justi/Documents/Git/minecraft-mods/createcampanology/createcampanology-template-1.21.1/build/moddev/artifacts/neoforge-21.1.233.jar%23189!/assets/.mcassetsroot' uses unexpected schema
[14Jun2026 17:56:14.977] [Render thread/WARN] [net.minecraft.server.packs.VanillaPackResourcesBuilder/]: Assets URL 'union:/C:/Users/justi/Documents/Git/minecraft-mods/createcampanology/createcampanology-template-1.21.1/build/moddev/artifacts/neoforge-21.1.233.jar%23189!/data/.mcassetsroot' uses unexpected schema
[14Jun2026 17:56:14.999] [Render thread/INFO] [com.mojang.authlib.yggdrasil.YggdrasilAuthenticationService/]: Environment: Environment[sessionHost=https://sessionserver.mojang.com, servicesHost=https://api.minecraftservices.com, name=PROD]
[14Jun2026 17:56:15.008] [Render thread/INFO] [net.minecraft.client.Minecraft/]: Setting user: Dev
[14Jun2026 17:56:15.084] [Render thread/INFO] [net.minecraft.client.Minecraft/]: Backend library: LWJGL version 3.3.3+5
[14Jun2026 17:56:15.375] [modloading-worker-0/INFO] [net.neoforged.neoforge.common.NeoForgeMod/NEOFORGE-MOD]: NeoForge mod loading, version 21.1.233, for MC 1.21.1
[14Jun2026 17:56:15.430] [modloading-worker-0/INFO] [com.simibubi.create.Create/]: Create 6.0.10 initializing! Commit hash: ac0c444d9828da3453ae8cc65338e8de063286fb
[14Jun2026 17:56:17.888] [Render thread/INFO] [net.neoforged.neoforge.gametest.GameTestHooks/]: Enabled Gametest Namespaces: [create_campanology]
[14Jun2026 17:56:18.111] [Render thread/INFO] [net.minecraft.server.packs.resources.ReloadableResourceManager/]: Reloading ResourceManager: vanilla, mod_resources, mod/flywheel, mod/geckolib, mod/create_campanology, mod/ponder, mod/create, mod/neoforge
[14Jun2026 17:56:18.211] [NeoForge Version Check/INFO] [net.neoforged.fml.VersionChecker/]: [create] Starting version check at https://api.modrinth.com/updates/create/forge_updates.json?neoforge=only
[14Jun2026 17:56:18.224] [Worker-Main-11/INFO] [net.minecraft.client.gui.font.providers.UnihexProvider/]: Found unifont_all_no_pua-15.1.05.hex, loading
[14Jun2026 17:56:18.268] [Worker-Main-1/INFO] [net.minecraft.client.gui.font.providers.UnihexProvider/]: Found unifont_jp_patch-15.1.05.hex, loading
[14Jun2026 17:56:18.427] [Worker-Main-1/INFO] [com.trevansolhaha.create_campanolgy.CreateCampanology/]: HELLO FROM CLIENT SETUP
[14Jun2026 17:56:18.428] [Worker-Main-1/INFO] [com.trevansolhaha.create_campanolgy.CreateCampanology/]: MINECRAFT NAME >> Dev
[14Jun2026 17:56:18.588] [NeoForge Version Check/INFO] [net.neoforged.fml.VersionChecker/]: [create] Found status: OUTDATED Current: 6.0.10 Target: 6.0.10+mc1.21.1
[14Jun2026 17:56:20.735] [Worker-Main-2/INFO] [PonderIndex/]: Registering Ponder Scenes took 52.90 ms
[14Jun2026 17:56:20.741] [Worker-Main-2/INFO] [PonderIndex/]: Registering Ponder Tags took 4.666 ms
[14Jun2026 17:56:20.846] [Render thread/WARN] [net.minecraft.client.sounds.SoundEngine/]: Missing sound for event: minecraft:item.goat_horn.play
[14Jun2026 17:56:20.846] [Render thread/WARN] [net.minecraft.client.sounds.SoundEngine/]: Missing sound for event: minecraft:entity.goat.screaming.horn_break
[14Jun2026 17:56:20.876] [Render thread/INFO] [com.mojang.blaze3d.audio.Library/]: OpenAL initialized on device OpenAL Soft on Headphones (Realtek(R) Audio)
[14Jun2026 17:56:20.877] [Render thread/INFO] [net.minecraft.client.sounds.SoundEngine/SOUNDS]: Sound engine started
[14Jun2026 17:56:21.010] [Render thread/INFO] [net.minecraft.client.renderer.texture.TextureAtlas/]: Created: 2048x1024x4 minecraft:textures/atlas/blocks.png-atlas
[14Jun2026 17:56:21.033] [Render thread/INFO] [net.minecraft.client.renderer.texture.TextureAtlas/]: Created: 256x256x4 minecraft:textures/atlas/signs.png-atlas
[14Jun2026 17:56:21.033] [Render thread/INFO] [net.minecraft.client.renderer.texture.TextureAtlas/]: Created: 512x512x4 minecraft:textures/atlas/shield_patterns.png-atlas
[14Jun2026 17:56:21.037] [Render thread/INFO] [net.minecraft.client.renderer.texture.TextureAtlas/]: Created: 512x512x4 minecraft:textures/atlas/banner_patterns.png-atlas
[14Jun2026 17:56:21.041] [Render thread/INFO] [net.minecraft.client.renderer.texture.TextureAtlas/]: Created: 2048x1024x4 minecraft:textures/atlas/armor_trims.png-atlas
[14Jun2026 17:56:21.060] [Render thread/INFO] [net.minecraft.client.renderer.texture.TextureAtlas/]: Created: 128x64x4 minecraft:textures/atlas/decorated_pot.png-atlas
[14Jun2026 17:56:21.061] [Render thread/INFO] [net.minecraft.client.renderer.texture.TextureAtlas/]: Created: 256x256x4 minecraft:textures/atlas/chest.png-atlas
[14Jun2026 17:56:21.061] [Render thread/INFO] [net.minecraft.client.renderer.texture.TextureAtlas/]: Created: 512x256x4 minecraft:textures/atlas/shulker_boxes.png-atlas
[14Jun2026 17:56:21.061] [Render thread/INFO] [net.minecraft.client.renderer.texture.TextureAtlas/]: Created: 512x256x4 minecraft:textures/atlas/beds.png-atlas
[14Jun2026 17:56:21.126] [Render thread/INFO] [net.minecraft.client.renderer.texture.TextureAtlas/]: Created: 512x256x0 minecraft:textures/atlas/particles.png-atlas
[14Jun2026 17:56:21.127] [Render thread/INFO] [net.minecraft.client.renderer.texture.TextureAtlas/]: Created: 512x256x0 minecraft:textures/atlas/paintings.png-atlas
[14Jun2026 17:56:21.128] [Render thread/INFO] [net.minecraft.client.renderer.texture.TextureAtlas/]: Created: 256x128x0 minecraft:textures/atlas/mob_effects.png-atlas
[14Jun2026 17:56:21.128] [Render thread/INFO] [net.minecraft.client.renderer.texture.TextureAtlas/]: Created: 64x64x0 minecraft:textures/atlas/map_decorations.png-atlas
[14Jun2026 17:56:21.128] [Render thread/INFO] [net.minecraft.client.renderer.texture.TextureAtlas/]: Created: 1024x512x0 minecraft:textures/atlas/gui.png-atlas
[14Jun2026 17:56:21.156] [Render thread/WARN] [net.minecraft.client.renderer.ShaderInstance/]: Shader rendertype_entity_translucent_emissive could not find sampler named Sampler2 in the specified shader program.
[14Jun2026 17:56:21.241] [Render thread/INFO] [flywheel/backend/shaders/]: Loaded 77 shader sources in 20.589 ms
[14Jun2026 17:56:21.261] [Render thread/INFO] [com.simibubi.create.Create/]: Loaded 58 train hat configurations.
[14Jun2026 17:56:21.262] [Render thread/INFO] [net.neoforged.neoforge.client.entity.animation.json.AnimationLoader/]: Loaded 0 entity animations
[14Jun2026 17:56:24.396] [Render thread/INFO] [com.simibubi.create.Create/]: Created 157 recipes which will be injected into the game
[14Jun2026 17:56:24.401] [Render thread/INFO] [com.simibubi.create.Create/]: Created 0 tags which will be injected into the game
[14Jun2026 17:56:25.251] [Render thread/INFO] [net.minecraft.world.item.crafting.RecipeManager/]: Loaded 2816 recipes
[14Jun2026 17:56:25.448] [Render thread/INFO] [net.minecraft.advancements.AdvancementTree/]: Loaded 2506 advancements
[14Jun2026 17:56:26.088] [Server thread/INFO] [net.minecraft.client.server.IntegratedServer/]: Starting integrated minecraft server version 1.21.1
[14Jun2026 17:56:26.088] [Server thread/INFO] [net.minecraft.server.MinecraftServer/]: Generating keypair
[14Jun2026 17:56:27.067] [Server thread/INFO] [net.minecraft.server.MinecraftServer/]: Preparing start region for dimension minecraft:overworld
[14Jun2026 17:56:27.334] [progressListener/INFO] [net.minecraft.server.level.progress.LoggerChunkProgressListener/]: Preparing spawn area: 0%
[14Jun2026 17:56:27.378] [Server thread/INFO] [net.neoforged.neoforge.server.permission.PermissionAPI/]: Successfully initialized permission handler neoforge:default_handler
[14Jun2026 17:56:27.380] [progressListener/INFO] [net.minecraft.server.level.progress.LoggerChunkProgressListener/]: Time elapsed: 301 ms
[14Jun2026 17:56:27.451] [Server thread/INFO] [net.minecraft.client.server.IntegratedServer/]: Changing view distance to 12, from 10
[14Jun2026 17:56:27.451] [Server thread/INFO] [net.minecraft.client.server.IntegratedServer/]: Changing simulation distance to 12, from 0
[14Jun2026 17:56:27.811] [Render thread/INFO] [com.simibubi.create.Create/]: Created 157 recipes which will be injected into the game
[14Jun2026 17:56:27.815] [Render thread/INFO] [com.simibubi.create.Create/]: Created 0 tags which will be injected into the game
[14Jun2026 17:56:28.091] [Server thread/INFO] [net.minecraft.server.players.PlayerList/]: Dev[local:E:77b037e9] logged in with entity id 20 at (36.73969223444432, 87.0, -254.81871406311896)
[14Jun2026 17:56:28.131] [Server thread/INFO] [net.minecraft.server.MinecraftServer/]: Dev joined the game
[14Jun2026 17:56:28.264] [Render thread/INFO] [flywheel/]: Started 10 worker threads
[14Jun2026 17:56:28.544] [Render thread/INFO] [net.minecraft.advancements.AdvancementTree/]: Loaded 355 advancements
[14Jun2026 17:56:39.880] [Server thread/INFO] [net.minecraft.client.server.IntegratedServer/]: Saving and pausing game...
[14Jun2026 17:56:39.906] [Server thread/INFO] [net.minecraft.server.MinecraftServer/]: Saving chunks for level 'ServerLevel[New World]'/minecraft:overworld
[14Jun2026 17:56:39.922] [Server thread/INFO] [net.minecraft.server.MinecraftServer/]: Saving chunks for level 'ServerLevel[New World]'/minecraft:the_end
[14Jun2026 17:56:39.923] [Server thread/INFO] [net.minecraft.server.MinecraftServer/]: Saving chunks for level 'ServerLevel[New World]'/minecraft:the_nether
[14Jun2026 17:56:40.389] [Server thread/INFO] [net.minecraft.server.network.ServerGamePacketListenerImpl/]: Dev lost connection: Disconnected
[14Jun2026 17:56:40.389] [Server thread/INFO] [net.minecraft.server.MinecraftServer/]: Dev left the game
[14Jun2026 17:56:40.404] [Server thread/INFO] [net.minecraft.server.network.ServerCommonPacketListenerImpl/]: Stopping singleplayer server as player logged out
[14Jun2026 17:56:40.430] [Server thread/INFO] [net.minecraft.server.MinecraftServer/]: Stopping server
[14Jun2026 17:56:40.431] [Server thread/INFO] [net.minecraft.server.MinecraftServer/]: Saving players
[14Jun2026 17:56:40.431] [Server thread/INFO] [net.minecraft.server.MinecraftServer/]: Saving worlds
[14Jun2026 17:56:40.551] [Server thread/INFO] [net.minecraft.server.MinecraftServer/]: Saving chunks for level 'ServerLevel[New World]'/minecraft:overworld
[14Jun2026 17:56:40.654] [Server thread/INFO] [net.minecraft.server.MinecraftServer/]: Saving chunks for level 'ServerLevel[New World]'/minecraft:the_end
[14Jun2026 17:56:40.657] [Server thread/INFO] [net.minecraft.server.MinecraftServer/]: Saving chunks for level 'ServerLevel[New World]'/minecraft:the_nether
[14Jun2026 17:56:40.666] [Server thread/INFO] [net.minecraft.server.MinecraftServer/]: ThreadedAnvilChunkStorage (New World): All chunks are saved
[14Jun2026 17:56:40.666] [Server thread/INFO] [net.minecraft.server.MinecraftServer/]: ThreadedAnvilChunkStorage (DIM1): All chunks are saved
[14Jun2026 17:56:40.666] [Server thread/INFO] [net.minecraft.server.MinecraftServer/]: ThreadedAnvilChunkStorage (DIM-1): All chunks are saved
[14Jun2026 17:56:40.667] [Server thread/INFO] [net.minecraft.server.MinecraftServer/]: ThreadedAnvilChunkStorage: All dimensions are saved
[14Jun2026 17:56:41.126] [Render thread/INFO] [net.minecraft.client.Minecraft/]: Stopping!
